ConversionPattern=2021-10-25 09:50:36 ERROR com.demo.entity.Inventory:27 - Inside addItem method
ConversionPattern=2021-10-25 09:50:41 ERROR com.demo.entity.Inventory:27 - Inside addItem method
ConversionPattern=2021-10-25 09:50:42 ERROR com.demo.entity.Inventory:27 - Inside addItem method
ConversionPattern=2021-10-25 09:50:42 ERROR com.demo.entity.Inventory:27 - Inside addItem method
ConversionPattern=2021-10-25 09:52:00 INFO com.demo.entity.Inventory:33 - Inside showItem method
ConversionPattern=2021-10-25 09:52:05 INFO com.demo.entity.Inventory:39 - Inside showItemById method
ConversionPattern=2021-10-25 09:52:43 INFO com.demo.entity.Inventory:45 - Inside showItemByName method
ConversionPattern=2021-10-25 09:52:55 INFO com.demo.entity.Inventory:51 - Inside deleteItemById method
ConversionPattern=2021-10-25 09:53:16 INFO com.demo.entity.Inventory:58 - Inside updateItem method
ConversionPattern=2021-10-25 09:53:43 INFO com.demo.entity.Inventory:58 - Inside updateItem method
ConversionPattern=2021-10-25 09:53:52 INFO com.demo.entity.Inventory:58 - Inside updateItem method
2021-10-25 09:55:27 ERROR com.demo.entity.Inventory:27 - Inside addItem method
2021-10-25 09:55:33 ERROR com.demo.entity.Inventory:27 - Inside addItem method
2021-10-25 09:55:33 ERROR com.demo.entity.Inventory:27 - Inside addItem method
2021-10-25 09:55:34 ERROR com.demo.entity.Inventory:27 - Inside addItem method
2021-10-25 09:55:34 ERROR com.demo.entity.Inventory:27 - Inside addItem method
2021-10-25 09:55:34 ERROR com.demo.entity.Inventory:27 - Inside addItem method
2021-10-25 09:55:34 ERROR com.demo.entity.Inventory:27 - Inside addItem method
2021-10-25 09:55:39 INFO com.demo.entity.Inventory:33 - Inside showItem method
2021-10-25 10:31:34 ERROR com.demo.entity.Inventory:28 - Inside addItem method
2021-10-25 10:31:35 ERROR com.demo.entity.Inventory:28 - Inside addItem method
2021-10-25 10:31:48 INFO com.demo.entity.Inventory:52 - Inside deleteItemById method
2021-10-25 10:32:02 INFO com.demo.entity.Inventory:34 - Inside showItem method
2021-10-25 12:44:17 ERROR com.demo.entity.Inventory:28 - Inside addItem method
2021-10-25 12:44:19 ERROR com.demo.entity.Inventory:28 - Inside addItem method
2021-10-25 12:44:20 ERROR com.demo.entity.Inventory:28 - Inside addItem method
2021-10-25 12:44:20 ERROR com.demo.entity.Inventory:28 - Inside addItem method
2021-10-25 12:44:20 ERROR com.demo.entity.Inventory:28 - Inside addItem method
2021-10-25 12:44:20 ERROR com.demo.entity.Inventory:28 - Inside addItem method
2021-10-25 12:44:26 INFO com.demo.entity.Inventory:34 - Inside showItem method
2021-10-25 12:44:34 INFO com.demo.entity.Inventory:40 - Inside showItemById method
2021-10-25 14:44:05 ERROR com.demo.entity.Inventory:29 - Inside addItem method
2021-10-25 14:44:06 ERROR com.demo.entity.Inventory:29 - Inside addItem method
2021-10-25 14:44:06 ERROR com.demo.entity.Inventory:29 - Inside addItem method
2021-10-25 14:44:17 INFO com.demo.entity.Inventory:41 - Inside showItemById method
2021-10-25 14:44:21 INFO com.demo.entity.Inventory:41 - Inside showItemById method
2021-10-25 14:51:19 ERROR com.demo.entity.Inventory:29 - Inside addItem method
2021-10-25 14:51:20 ERROR com.demo.entity.Inventory:29 - Inside addItem method
2021-10-25 14:51:20 ERROR com.demo.entity.Inventory:29 - Inside addItem method
2021-10-25 14:51:20 ERROR com.demo.entity.Inventory:29 - Inside addItem method
2021-10-25 14:51:20 ERROR com.demo.entity.Inventory:29 - Inside addItem method
2021-10-25 14:51:29 INFO com.demo.entity.Inventory:41 - Inside showItemById method
2021-10-25 14:51:36 INFO com.demo.entity.Inventory:41 - Inside showItemById method
2021-10-25 15:26:55 ERROR com.demo.entity.Inventory:29 - Inside addItem method
2021-10-25 15:27:02 ERROR com.demo.entity.Inventory:29 - Inside addItem method
2021-10-25 15:27:07 ERROR com.demo.entity.Inventory:29 - Inside addItem method
2021-10-25 15:27:13 ERROR com.demo.entity.Inventory:29 - Inside addItem method
2021-10-25 15:27:31 INFO com.demo.entity.Inventory:47 - Inside showItemByName method
2021-10-25 15:27:36 INFO com.demo.entity.Inventory:47 - Inside showItemByName method
2021-10-25 15:27:47 ERROR com.demo.entity.Inventory:29 - Inside addItem method
2021-10-25 15:27:49 ERROR com.demo.entity.Inventory:29 - Inside addItem method
2021-10-25 15:28:11 INFO com.demo.entity.Inventory:47 - Inside showItemByName method
2021-10-25 15:28:45 INFO com.demo.entity.Inventory:47 - Inside showItemByName method
2021-10-25 18:06:31 ERROR com.demo.entity.Inventory:29 - Inside addItem method
2021-10-25 18:06:31 INFO com.demo.entity.Inventory:41 - Inside showItemById method
2021-10-25 18:08:36 INFO com.demo.entity.Inventory:41 - Inside showItemById method
2021-10-26 18:26:54 ERROR com.demo.entity.Inventory:31 - Inside addItem method
2021-10-26 18:28:06 INFO com.demo.entity.Inventory:37 - Inside showItem method
2021-10-26 18:28:14 INFO com.demo.entity.Inventory:43 - Inside showItemById method
2021-10-26 18:28:18 INFO com.demo.entity.Inventory:43 - Inside showItemById method
2021-10-26 18:29:50 ERROR com.demo.entity.Inventory:31 - Inside addItem method
2021-10-26 18:29:59 ERROR com.demo.entity.Inventory:31 - Inside addItem method
2021-10-26 18:30:06 INFO com.demo.entity.Inventory:37 - Inside showItem method
2021-10-26 18:30:17 INFO com.demo.entity.Inventory:43 - Inside showItemById method
2021-10-26 18:30:20 INFO com.demo.entity.Inventory:43 - Inside showItemById method
2021-10-26 18:30:21 INFO com.demo.entity.Inventory:43 - Inside showItemById method
2021-10-26 18:31:22 INFO com.demo.entity.Inventory:62 - Inside updateItem method
2021-10-26 18:31:32 INFO com.demo.entity.Inventory:62 - Inside updateItem method
2021-10-26 18:31:42 INFO com.demo.entity.Inventory:62 - Inside updateItem method
2021-10-26 18:31:46 INFO com.demo.entity.Inventory:62 - Inside updateItem method
2021-10-26 18:32:48 ERROR com.demo.entity.Inventory:31 - Inside addItem method
2021-10-26 18:32:49 ERROR com.demo.entity.Inventory:31 - Inside addItem method
2021-10-26 18:32:50 ERROR com.demo.entity.Inventory:31 - Inside addItem method
2021-10-26 18:32:50 ERROR com.demo.entity.Inventory:31 - Inside addItem method
2021-10-26 18:32:50 ERROR com.demo.entity.Inventory:31 - Inside addItem method
2021-10-26 18:33:54 ERROR com.demo.entity.Inventory:31 - Inside addItem method
2021-10-26 18:33:55 ERROR com.demo.entity.Inventory:31 - Inside addItem method
2021-10-26 18:33:55 ERROR com.demo.entity.Inventory:31 - Inside addItem method
2021-10-26 18:33:55 ERROR com.demo.entity.Inventory:31 - Inside addItem method
2021-10-26 18:33:55 ERROR com.demo.entity.Inventory:31 - Inside addItem method
2021-10-26 18:33:55 ERROR com.demo.entity.Inventory:31 - Inside addItem method
2021-10-26 18:35:02 INFO com.demo.entity.Inventory:37 - Inside showItem method
2021-10-26 18:35:11 INFO com.demo.entity.Inventory:43 - Inside showItemById method
2021-10-26 18:35:39 ERROR com.demo.entity.Inventory:31 - Inside addItem method
2021-10-26 18:35:39 ERROR com.demo.entity.Inventory:31 - Inside addItem method
2021-10-26 18:35:39 ERROR com.demo.entity.Inventory:31 - Inside addItem method
2021-10-26 18:35:39 ERROR com.demo.entity.Inventory:31 - Inside addItem method
2021-10-26 18:35:39 ERROR com.demo.entity.Inventory:31 - Inside addItem method
2021-10-26 18:35:39 ERROR com.demo.entity.Inventory:31 - Inside addItem method
2021-10-26 18:35:52 INFO com.demo.entity.Inventory:55 - Inside deleteItemById method
2021-10-26 18:44:35 ERROR com.demo.entity.Inventory:33 - Inside addItem method
2021-10-26 18:59:38 ERROR com.demo.entity.Inventory:33 - Inside addItem method
2021-10-26 19:00:14 INFO com.demo.entity.Inventory:39 - Inside showItem method
2021-10-26 19:02:10 ERROR com.demo.entity.Inventory:33 - Inside addItem method
2021-10-26 22:08:16 ERROR com.demo.entity.Inventory:35 - Inside addItem method
2021-10-26 22:10:21 ERROR com.demo.entity.Inventory:35 - Inside addItem method
2021-10-27 10:12:45 ERROR com.demo.entity.Inventory:36 - Inside addItem method
2021-10-27 10:12:47 ERROR com.demo.entity.Inventory:36 - Inside addItem method
2021-10-27 10:12:47 ERROR com.demo.entity.Inventory:36 - Inside addItem method
2021-10-27 10:12:47 ERROR com.demo.entity.Inventory:36 - Inside addItem method
2021-10-27 10:12:48 ERROR com.demo.entity.Inventory:36 - Inside addItem method
2021-10-27 10:12:57 INFO com.demo.entity.Inventory:42 - Inside showItem method
2021-10-27 10:13:01 INFO com.demo.entity.Inventory:48 - Inside showItemById method
2021-10-27 10:14:12 INFO com.demo.entity.Inventory:60 - Inside deleteItemById method
2021-10-27 10:14:24 INFO com.demo.entity.Inventory:67 - Inside updateItem method
2021-10-27 10:14:30 INFO com.demo.entity.Inventory:67 - Inside updateItem method
2021-10-27 10:14:46 INFO com.demo.entity.Inventory:67 - Inside updateItem method
2021-10-27 10:14:52 INFO com.demo.entity.Inventory:67 - Inside updateItem method
2021-10-27 12:27:41 ERROR com.demo.entity.Inventory:37 - Inside addItem method
2021-10-27 12:27:57 ERROR com.demo.entity.Inventory:37 - Inside addItem method
2021-10-27 12:27:57 ERROR com.demo.entity.Inventory:37 - Inside addItem method
2021-10-27 12:27:57 ERROR com.demo.entity.Inventory:37 - Inside addItem method
2021-10-27 12:27:57 ERROR com.demo.entity.Inventory:37 - Inside addItem method
2021-10-27 12:28:12 INFO com.demo.entity.Inventory:68 - Inside updateItem method
2021-10-27 12:28:32 INFO com.demo.entity.Inventory:68 - Inside updateItem method
2021-10-27 12:28:37 INFO com.demo.entity.Inventory:68 - Inside updateItem method
2021-10-27 12:28:45 INFO com.demo.entity.Inventory:43 - Inside showItem method
2021-10-27 12:29:37 INFO com.demo.entity.Inventory:74 - Inside updateItem method
2021-10-27 12:29:54 INFO com.demo.entity.Inventory:74 - Inside updateItem method
2021-10-27 12:30:04 INFO com.demo.entity.Inventory:74 - Inside updateItem method
2021-10-27 12:30:14 INFO com.demo.entity.Inventory:74 - Inside updateItem method
2021-10-27 12:30:33 INFO com.demo.entity.Inventory:74 - Inside updateItem method
2021-10-27 12:45:07 ERROR com.demo.entity.Inventory:37 - Inside addItem method
2021-10-27 12:45:07 ERROR com.demo.entity.Inventory:37 - Inside addItem method
2021-10-27 12:45:07 ERROR com.demo.entity.Inventory:37 - Inside addItem method
2021-10-27 12:45:08 ERROR com.demo.entity.Inventory:37 - Inside addItem method
2021-10-27 12:45:08 ERROR com.demo.entity.Inventory:37 - Inside addItem method
2021-10-27 12:45:08 ERROR com.demo.entity.Inventory:37 - Inside addItem method
2021-10-27 12:45:08 ERROR com.demo.entity.Inventory:37 - Inside addItem method
2021-10-27 12:45:08 ERROR com.demo.entity.Inventory:37 - Inside addItem method
2021-10-27 12:45:08 ERROR com.demo.entity.Inventory:37 - Inside addItem method
2021-10-27 12:45:23 INFO com.demo.entity.Inventory:68 - Inside updateItem method
2021-10-27 12:45:46 INFO com.demo.entity.Inventory:68 - Inside updateItem method
2021-10-27 12:48:51 ERROR com.demo.entity.Inventory:37 - Inside addItem method
2021-10-27 12:48:52 ERROR com.demo.entity.Inventory:37 - Inside addItem method
2021-10-27 12:48:52 ERROR com.demo.entity.Inventory:37 - Inside addItem method
2021-10-27 12:48:53 ERROR com.demo.entity.Inventory:37 - Inside addItem method
2021-10-27 12:48:53 ERROR com.demo.entity.Inventory:37 - Inside addItem method
2021-10-27 12:48:53 ERROR com.demo.entity.Inventory:37 - Inside addItem method
2021-10-27 12:48:53 ERROR com.demo.entity.Inventory:37 - Inside addItem method
2021-10-27 12:49:06 INFO com.demo.entity.Inventory:68 - Inside updateItem method
2021-10-27 12:49:13 INFO com.demo.entity.Inventory:68 - Inside updateItem method
2021-10-27 12:49:18 INFO com.demo.entity.Inventory:68 - Inside updateItem method
2021-10-27 12:49:32 INFO com.demo.entity.Inventory:68 - Inside updateItem method
2021-10-27 12:58:29 ERROR com.demo.entity.Inventory:37 - Inside addItem method
2021-10-27 12:58:30 ERROR com.demo.entity.Inventory:37 - Inside addItem method
2021-10-27 12:58:31 ERROR com.demo.entity.Inventory:37 - Inside addItem method
2021-10-27 12:58:31 ERROR com.demo.entity.Inventory:37 - Inside addItem method
2021-10-27 12:58:31 ERROR com.demo.entity.Inventory:37 - Inside addItem method
2021-10-27 12:58:31 ERROR com.demo.entity.Inventory:37 - Inside addItem method
2021-10-27 12:58:43 INFO com.demo.entity.Inventory:43 - Inside showItem method
2021-10-27 12:58:56 INFO com.demo.entity.Inventory:74 - Inside updateItem method
2021-10-27 12:59:12 INFO com.demo.entity.Inventory:74 - Inside updateItem method
2021-10-27 12:59:23 INFO com.demo.entity.Inventory:74 - Inside updateItem method
2021-10-27 12:59:44 INFO com.demo.entity.Inventory:74 - Inside updateItem method
2021-10-27 13:00:10 INFO com.demo.entity.Inventory:74 - Inside updateItem method
2021-10-27 13:00:23 INFO com.demo.entity.Inventory:43 - Inside showItem method
2021-10-27 16:19:17 ERROR com.demo.entity.Inventory:37 - Inside addItem method
2021-10-28 09:07:00 ERROR com.demo.entity.Inventory:37 - Inside addItem method
2021-10-28 09:07:04 ERROR com.demo.entity.Inventory:37 - Inside addItem method
2021-10-28 09:07:04 ERROR com.demo.entity.Inventory:37 - Inside addItem method
2021-10-28 09:07:04 ERROR com.demo.entity.Inventory:37 - Inside addItem method
2021-10-28 09:07:05 ERROR com.demo.entity.Inventory:37 - Inside addItem method
2021-10-28 09:07:05 ERROR com.demo.entity.Inventory:37 - Inside addItem method
2021-10-28 09:07:05 ERROR com.demo.entity.Inventory:37 - Inside addItem method
2021-10-28 09:07:10 INFO com.demo.entity.Inventory:43 - Inside showItem method
2021-10-28 09:07:28 INFO com.demo.entity.Inventory:49 - Inside showItemById method
2021-10-28 09:08:08 INFO com.demo.entity.Inventory:68 - Inside updateItem method
2021-10-28 09:08:22 INFO com.demo.entity.Inventory:68 - Inside updateItem method
2021-10-28 09:08:29 INFO com.demo.entity.Inventory:49 - Inside showItemById method
2021-10-28 09:08:43 INFO com.demo.entity.Inventory:68 - Inside updateItem method
2021-10-28 09:09:45 ERROR com.demo.entity.Inventory:37 - Inside addItem method
2021-10-28 09:10:00 INFO com.demo.entity.Inventory:68 - Inside updateItem method
2021-10-28 09:10:06 INFO com.demo.entity.Inventory:68 - Inside updateItem method
2021-10-28 11:59:01 ERROR com.demo.entity.Inventory:47 - Inside addItem method
2021-10-28 11:59:30 ERROR com.demo.entity.Inventory:47 - Inside addItem method
2021-10-28 11:59:59 ERROR com.demo.entity.Inventory:47 - Inside addItem method
2021-10-28 12:01:28 ERROR com.demo.entity.Inventory:47 - Inside addItem method
2021-10-28 12:17:48 ERROR com.demo.entity.Inventory:47 - Inside addItem method
2021-10-28 12:18:19 ERROR com.demo.entity.Inventory:47 - Inside addItem method
2021-10-28 12:18:26 ERROR com.demo.entity.Inventory:47 - Inside addItem method
2021-10-28 12:18:35 ERROR com.demo.entity.Inventory:47 - Inside addItem method
2021-10-28 12:18:36 ERROR com.demo.entity.Inventory:47 - Inside addItem method
2021-10-28 12:18:36 ERROR com.demo.entity.Inventory:47 - Inside addItem method
2021-10-28 12:32:34 ERROR com.demo.entity.Inventory:47 - Inside addItem method
2021-10-28 12:35:38 ERROR com.demo.entity.Inventory:47 - Inside addItem method
2021-10-28 12:35:48 ERROR com.demo.entity.Inventory:47 - Inside addItem method
2021-10-28 12:37:17 ERROR com.demo.entity.Inventory:47 - Inside addItem method
2021-10-28 12:37:26 ERROR com.demo.entity.Inventory:47 - Inside addItem method
2021-10-28 12:37:46 ERROR com.demo.entity.Inventory:47 - Inside addItem method
2021-10-29 15:36:53 ERROR com.demo.entity.Inventory:47 - Inside addItem method
2021-10-31 18:37:54 ERROR com.demo.entity.Inventory:47 - Inside addItem method
2021-10-31 18:38:14 ERROR com.demo.entity.Inventory:47 - Inside addItem method
2021-10-31 18:38:14 ERROR com.demo.entity.Inventory:47 - Inside addItem method
2021-10-31 18:38:14 ERROR com.demo.entity.Inventory:47 - Inside addItem method
2021-10-31 18:38:15 ERROR com.demo.entity.Inventory:47 - Inside addItem method
2021-10-31 18:38:15 ERROR com.demo.entity.Inventory:47 - Inside addItem method
2021-10-31 18:38:15 ERROR com.demo.entity.Inventory:47 - Inside addItem method
2021-10-31 18:38:15 ERROR com.demo.entity.Inventory:47 - Inside addItem method
2021-10-31 18:38:15 ERROR com.demo.entity.Inventory:47 - Inside addItem method
2021-10-31 18:38:21 INFO com.demo.entity.Inventory:54 - Inside showItem method
2021-10-31 18:38:42 ERROR com.demo.entity.Inventory:47 - Inside addItem method
2021-10-31 18:38:57 ERROR com.demo.entity.Inventory:47 - Inside addItem method
2021-10-31 18:39:05 ERROR com.demo.entity.Inventory:47 - Inside addItem method
2021-10-31 18:39:15 ERROR com.demo.entity.Inventory:47 - Inside addItem method
2021-10-31 18:39:26 ERROR com.demo.entity.Inventory:47 - Inside addItem method
2021-10-31 18:39:29 ERROR com.demo.entity.Inventory:47 - Inside addItem method
2021-10-31 18:39:33 ERROR com.demo.entity.Inventory:47 - Inside addItem method
2021-10-31 18:39:43 ERROR com.demo.entity.Inventory:47 - Inside addItem method
2021-10-31 18:39:50 ERROR com.demo.entity.Inventory:47 - Inside addItem method
2021-10-31 18:40:20 ERROR com.demo.entity.Inventory:47 - Inside addItem method
2021-10-31 18:40:32 ERROR com.demo.entity.Inventory:47 - Inside addItem method
2021-10-31 18:40:40 ERROR com.demo.entity.Inventory:47 - Inside addItem method
2021-10-31 18:42:23 ERROR com.demo.entity.Inventory:47 - Inside addItem method
2021-10-31 18:42:28 ERROR com.demo.entity.Inventory:47 - Inside addItem method
2021-10-31 19:14:57 ERROR com.demo.entity.Inventory:47 - Inside addItem method
2021-10-31 19:15:06 ERROR com.demo.entity.Inventory:47 - Inside addItem method
2021-10-31 19:21:57 ERROR com.demo.entity.Inventory:47 - Inside addItem method
2021-10-31 19:22:18 ERROR com.demo.entity.Inventory:47 - Inside addItem method
2021-10-31 19:22:24 ERROR com.demo.entity.Inventory:47 - Inside addItem method
2021-10-31 19:22:24 ERROR com.demo.entity.Inventory:47 - Inside addItem method
2021-10-31 19:22:33 ERROR com.demo.entity.Inventory:47 - Inside addItem method
2021-10-31 19:25:06 ERROR com.demo.entity.Inventory:47 - Inside addItem method
2021-10-31 19:25:19 ERROR com.demo.entity.Inventory:47 - Inside addItem method
2021-10-31 19:25:26 ERROR com.demo.entity.Inventory:47 - Inside addItem method
2021-10-31 19:37:58 ERROR com.demo.entity.Inventory:47 - Inside addItem method
2021-10-31 19:38:10 ERROR com.demo.entity.Inventory:47 - Inside addItem method
2021-10-31 19:38:19 ERROR com.demo.entity.Inventory:47 - Inside addItem method
2021-10-31 19:38:20 ERROR com.demo.entity.Inventory:47 - Inside addItem method
2021-10-31 19:38:20 ERROR com.demo.entity.Inventory:47 - Inside addItem method
2021-10-31 19:38:20 ERROR com.demo.entity.Inventory:47 - Inside addItem method
2021-10-31 19:38:20 ERROR com.demo.entity.Inventory:47 - Inside addItem method
2021-10-31 19:38:20 ERROR com.demo.entity.Inventory:47 - Inside addItem method
2021-10-31 19:48:13 ERROR com.demo.entity.Inventory:49 - Inside addItem method
2021-10-31 19:48:14 ERROR com.demo.entity.Inventory:49 - Inside addItem method
2021-10-31 19:48:14 ERROR com.demo.entity.Inventory:49 - Inside addItem method
2021-10-31 19:48:14 ERROR com.demo.entity.Inventory:49 - Inside addItem method
2021-10-31 19:48:15 ERROR com.demo.entity.Inventory:49 - Inside addItem method
2021-10-31 19:48:15 ERROR com.demo.entity.Inventory:49 - Inside addItem method
2021-10-31 19:48:15 ERROR com.demo.entity.Inventory:49 - Inside addItem method
2021-10-31 19:51:15 ERROR com.demo.entity.Inventory:49 - Inside addItem method
2021-10-31 19:51:17 ERROR com.demo.entity.Inventory:49 - Inside addItem method
2021-10-31 19:51:17 ERROR com.demo.entity.Inventory:49 - Inside addItem method
2021-10-31 19:51:17 ERROR com.demo.entity.Inventory:49 - Inside addItem method
2021-10-31 19:51:17 ERROR com.demo.entity.Inventory:49 - Inside addItem method
2021-10-31 19:51:17 ERROR com.demo.entity.Inventory:49 - Inside addItem method
2021-10-31 19:51:17 ERROR com.demo.entity.Inventory:49 - Inside addItem method
2021-10-31 19:51:18 ERROR com.demo.entity.Inventory:49 - Inside addItem method
2021-10-31 19:51:18 ERROR com.demo.entity.Inventory:49 - Inside addItem method
2021-10-31 19:52:43 ERROR com.demo.entity.Inventory:49 - Inside addItem method
2021-10-31 19:52:44 ERROR com.demo.entity.Inventory:49 - Inside addItem method
2021-10-31 19:52:44 ERROR com.demo.entity.Inventory:49 - Inside addItem method
2021-10-31 19:52:44 ERROR com.demo.entity.Inventory:49 - Inside addItem method
2021-10-31 19:52:44 ERROR com.demo.entity.Inventory:49 - Inside addItem method
2021-10-31 19:52:44 ERROR com.demo.entity.Inventory:49 - Inside addItem method
2021-10-31 19:52:45 ERROR com.demo.entity.Inventory:49 - Inside addItem method
2021-10-31 19:56:20 ERROR com.demo.entity.Inventory:49 - Inside addItem method
2021-10-31 19:56:21 ERROR com.demo.entity.Inventory:49 - Inside addItem method
2021-10-31 19:56:21 ERROR com.demo.entity.Inventory:49 - Inside addItem method
2021-10-31 19:56:21 ERROR com.demo.entity.Inventory:49 - Inside addItem method
2021-10-31 19:56:21 ERROR com.demo.entity.Inventory:49 - Inside addItem method
2021-10-31 19:56:22 ERROR com.demo.entity.Inventory:49 - Inside addItem method
2021-10-31 19:56:22 ERROR com.demo.entity.Inventory:49 - Inside addItem method
2021-10-31 19:59:17 ERROR com.demo.entity.Inventory:50 - Inside addItem method
2021-10-31 19:59:17 ERROR com.demo.entity.Inventory:50 - Inside addItem method
2021-10-31 19:59:17 ERROR com.demo.entity.Inventory:50 - Inside addItem method
2021-10-31 19:59:18 ERROR com.demo.entity.Inventory:50 - Inside addItem method
2021-10-31 19:59:18 ERROR com.demo.entity.Inventory:50 - Inside addItem method
2021-10-31 19:59:18 ERROR com.demo.entity.Inventory:50 - Inside addItem method
2021-10-31 19:59:18 ERROR com.demo.entity.Inventory:50 - Inside addItem method
2021-10-31 19:59:18 ERROR com.demo.entity.Inventory:50 - Inside addItem method
2021-10-31 20:03:22 ERROR com.demo.entity.Inventory:50 - Inside addItem method
2021-10-31 20:03:23 ERROR com.demo.entity.Inventory:50 - Inside addItem method
2021-10-31 20:03:23 ERROR com.demo.entity.Inventory:50 - Inside addItem method
2021-10-31 20:03:23 ERROR com.demo.entity.Inventory:50 - Inside addItem method
2021-10-31 20:03:23 ERROR com.demo.entity.Inventory:50 - Inside addItem method
2021-10-31 20:03:23 ERROR com.demo.entity.Inventory:50 - Inside addItem method
2021-10-31 20:03:23 ERROR com.demo.entity.Inventory:50 - Inside addItem method
2021-10-31 20:03:24 ERROR com.demo.entity.Inventory:50 - Inside addItem method
2021-10-31 20:03:40 INFO com.demo.entity.Inventory:57 - Inside showItem method
2021-10-31 20:03:53 INFO com.demo.entity.Inventory:57 - Inside showItem method
2021-10-31 20:04:00 INFO com.demo.entity.Inventory:57 - Inside showItem method
2021-10-31 20:04:07 INFO com.demo.entity.Inventory:57 - Inside showItem method
2021-10-31 20:04:09 INFO com.demo.entity.Inventory:57 - Inside showItem method
2021-10-31 20:04:12 INFO com.demo.entity.Inventory:57 - Inside showItem method
2021-10-31 20:04:20 INFO com.demo.entity.Inventory:57 - Inside showItem method
2021-10-31 20:04:20 INFO com.demo.entity.Inventory:57 - Inside showItem method
2021-10-31 20:04:26 INFO com.demo.entity.Inventory:57 - Inside showItem method
2021-10-31 20:04:32 INFO com.demo.entity.Inventory:57 - Inside showItem method
2021-10-31 20:06:00 ERROR com.demo.entity.Inventory:50 - Inside addItem method
2021-10-31 20:06:01 ERROR com.demo.entity.Inventory:50 - Inside addItem method
2021-10-31 20:06:01 ERROR com.demo.entity.Inventory:50 - Inside addItem method
2021-10-31 20:06:01 ERROR com.demo.entity.Inventory:50 - Inside addItem method
2021-10-31 20:06:01 ERROR com.demo.entity.Inventory:50 - Inside addItem method
2021-10-31 20:06:01 ERROR com.demo.entity.Inventory:50 - Inside addItem method
2021-10-31 20:06:02 ERROR com.demo.entity.Inventory:50 - Inside addItem method
2021-10-31 20:06:02 ERROR com.demo.entity.Inventory:50 - Inside addItem method
2021-10-31 20:06:02 ERROR com.demo.entity.Inventory:50 - Inside addItem method
2021-10-31 20:11:40 ERROR com.demo.entity.Inventory:50 - Inside addItem method
2021-11-01 09:28:42 ERROR com.demo.entity.Inventory:50 - Inside addItem method
2021-11-01 09:29:13 ERROR com.demo.entity.Inventory:50 - Inside addItem method
2021-11-01 09:29:29 ERROR com.demo.entity.Inventory:50 - Inside addItem method
2021-11-01 09:29:36 ERROR com.demo.entity.Inventory:50 - Inside addItem method
2021-11-01 09:30:14 ERROR com.demo.entity.Inventory:50 - Inside addItem method
2021-11-01 09:30:27 ERROR com.demo.entity.Inventory:50 - Inside addItem method
2021-11-01 09:31:54 ERROR com.demo.entity.Inventory:50 - Inside addItem method
2021-11-01 09:31:59 ERROR com.demo.entity.Inventory:50 - Inside addItem method
2021-11-01 09:32:04 ERROR com.demo.entity.Inventory:50 - Inside addItem method
2021-11-01 09:32:08 ERROR com.demo.entity.Inventory:50 - Inside addItem method
2021-11-01 09:33:22 ERROR com.demo.entity.Inventory:50 - Inside addItem method
2021-11-01 09:33:26 ERROR com.demo.entity.Inventory:50 - Inside addItem method
2021-11-01 09:33:41 ERROR com.demo.entity.Inventory:50 - Inside addItem method
2021-11-01 09:33:54 ERROR com.demo.entity.Inventory:50 - Inside addItem method
2021-11-01 09:34:04 ERROR com.demo.entity.Inventory:50 - Inside addItem method
2021-11-01 09:34:49 ERROR com.demo.entity.Inventory:50 - Inside addItem method
2021-11-01 09:35:00 ERROR com.demo.entity.Inventory:50 - Inside addItem method
2021-11-01 09:35:10 ERROR com.demo.entity.Inventory:50 - Inside addItem method
2021-11-01 09:35:14 ERROR com.demo.entity.Inventory:50 - Inside addItem method
2021-11-01 09:35:22 ERROR com.demo.entity.Inventory:50 - Inside addItem method
2021-11-01 09:35:27 ERROR com.demo.entity.Inventory:50 - Inside addItem method
2021-11-01 09:35:41 ERROR com.demo.entity.Inventory:50 - Inside addItem method
2021-11-01 09:35:46 ERROR com.demo.entity.Inventory:50 - Inside addItem method
2021-11-01 09:41:37 ERROR com.demo.entity.Inventory:50 - Inside addItem method
2021-11-01 09:46:18 ERROR com.demo.entity.Inventory:50 - Inside addItem method
2021-11-01 09:46:33 ERROR com.demo.entity.Inventory:50 - Inside addItem method
2021-11-01 09:47:37 ERROR com.demo.entity.Inventory:50 - Inside addItem method
2021-11-01 09:47:49 ERROR com.demo.entity.Inventory:50 - Inside addItem method
2021-11-01 09:47:56 ERROR com.demo.entity.Inventory:50 - Inside addItem method
2021-11-01 09:48:04 ERROR com.demo.entity.Inventory:50 - Inside addItem method
2021-11-01 09:48:11 ERROR com.demo.entity.Inventory:50 - Inside addItem method
2021-11-01 09:48:16 ERROR com.demo.entity.Inventory:50 - Inside addItem method
2021-11-01 10:04:07 ERROR com.demo.entity.Inventory:50 - Inside addItem method
2021-11-01 10:04:10 ERROR com.demo.entity.Inventory:50 - Inside addItem method
2021-11-01 10:04:10 ERROR com.demo.entity.Inventory:50 - Inside addItem method
2021-11-01 10:04:10 ERROR com.demo.entity.Inventory:50 - Inside addItem method
2021-11-01 10:04:10 ERROR com.demo.entity.Inventory:50 - Inside addItem method
2021-11-01 10:04:11 ERROR com.demo.entity.Inventory:50 - Inside addItem method
2021-11-01 10:04:11 ERROR com.demo.entity.Inventory:50 - Inside addItem method
2021-11-01 10:04:11 ERROR com.demo.entity.Inventory:50 - Inside addItem method
2021-11-01 10:04:56 ERROR com.demo.entity.Inventory:50 - Inside addItem method
2021-11-01 10:04:57 ERROR com.demo.entity.Inventory:50 - Inside addItem method
2021-11-01 10:04:57 ERROR com.demo.entity.Inventory:50 - Inside addItem method
2021-11-01 10:04:57 ERROR com.demo.entity.Inventory:50 - Inside addItem method
2021-11-01 10:04:58 ERROR com.demo.entity.Inventory:50 - Inside addItem method
2021-11-01 10:04:58 ERROR com.demo.entity.Inventory:50 - Inside addItem method
2021-11-01 10:10:58 ERROR com.demo.entity.Inventory:50 - Inside addItem method
2021-11-01 10:11:03 ERROR com.demo.entity.Inventory:50 - Inside addItem method
2021-11-01 10:11:03 ERROR com.demo.entity.Inventory:50 - Inside addItem method
2021-11-01 10:11:03 ERROR com.demo.entity.Inventory:50 - Inside addItem method
2021-11-01 10:14:48 ERROR com.demo.entity.Inventory:50 - Inside addItem method
2021-11-01 10:14:50 ERROR com.demo.entity.Inventory:50 - Inside addItem method
2021-11-01 10:14:50 ERROR com.demo.entity.Inventory:50 - Inside addItem method
2021-11-01 10:14:50 ERROR com.demo.entity.Inventory:50 - Inside addItem method
2021-11-01 10:14:50 ERROR com.demo.entity.Inventory:50 - Inside addItem method
2021-11-01 10:14:50 ERROR com.demo.entity.Inventory:50 - Inside addItem method
2021-11-01 10:14:51 ERROR com.demo.entity.Inventory:50 - Inside addItem method
2021-11-01 10:17:29 ERROR com.demo.entity.Inventory:50 - Inside addItem method
2021-11-01 10:19:29 ERROR com.demo.entity.Inventory:50 - Inside addItem method
2021-11-01 10:19:29 ERROR com.demo.entity.Inventory:50 - Inside addItem method
2021-11-01 10:24:09 ERROR com.demo.entity.Inventory:50 - Inside addItem method
2021-11-01 10:24:09 ERROR com.demo.entity.Inventory:50 - Inside addItem method
2021-11-01 10:24:10 ERROR com.demo.entity.Inventory:50 - Inside addItem method
2021-11-01 10:24:10 ERROR com.demo.entity.Inventory:50 - Inside addItem method
2021-11-01 10:24:10 ERROR com.demo.entity.Inventory:50 - Inside addItem method
2021-11-01 10:24:10 ERROR com.demo.entity.Inventory:50 - Inside addItem method
2021-11-01 10:24:10 ERROR com.demo.entity.Inventory:50 - Inside addItem method
2021-11-01 10:24:10 ERROR com.demo.entity.Inventory:50 - Inside addItem method
2021-11-01 10:24:10 ERROR com.demo.entity.Inventory:50 - Inside addItem method
2021-11-01 10:26:44 ERROR com.demo.entity.Inventory:50 - Inside addItem method
2021-11-01 10:26:45 ERROR com.demo.entity.Inventory:50 - Inside addItem method
2021-11-01 10:28:23 ERROR com.demo.entity.Inventory:50 - Inside addItem method
2021-11-01 10:28:23 ERROR com.demo.entity.Inventory:50 - Inside addItem method
2021-11-01 10:28:23 ERROR com.demo.entity.Inventory:50 - Inside addItem method
2021-11-01 10:28:24 ERROR com.demo.entity.Inventory:50 - Inside addItem method
2021-11-01 10:28:24 ERROR com.demo.entity.Inventory:50 - Inside addItem method
2021-11-01 10:28:24 ERROR com.demo.entity.Inventory:50 - Inside addItem method
2021-11-01 10:28:24 ERROR com.demo.entity.Inventory:50 - Inside addItem method
2021-11-01 10:31:22 ERROR com.demo.entity.Inventory:50 - Inside addItem method
2021-11-01 10:31:23 ERROR com.demo.entity.Inventory:50 - Inside addItem method
2021-11-01 10:31:23 ERROR com.demo.entity.Inventory:50 - Inside addItem method
2021-11-01 10:31:23 ERROR com.demo.entity.Inventory:50 - Inside addItem method
2021-11-01 10:31:24 ERROR com.demo.entity.Inventory:50 - Inside addItem method
2021-11-01 10:31:24 ERROR com.demo.entity.Inventory:50 - Inside addItem method
2021-11-01 10:31:24 ERROR com.demo.entity.Inventory:50 - Inside addItem method
2021-11-01 10:31:24 ERROR com.demo.entity.Inventory:50 - Inside addItem method
2021-11-01 10:32:56 ERROR com.demo.entity.Inventory:50 - Inside addItem method
2021-11-01 10:33:00 ERROR com.demo.entity.Inventory:50 - Inside addItem method
2021-11-01 10:33:12 ERROR com.demo.entity.Inventory:50 - Inside addItem method
2021-11-01 10:33:39 ERROR com.demo.entity.Inventory:50 - Inside addItem method
2021-11-01 10:33:41 ERROR com.demo.entity.Inventory:50 - Inside addItem method
2021-11-01 10:33:41 ERROR com.demo.entity.Inventory:50 - Inside addItem method
2021-11-01 10:33:41 ERROR com.demo.entity.Inventory:50 - Inside addItem method
2021-11-01 10:33:41 ERROR com.demo.entity.Inventory:50 - Inside addItem method
2021-11-01 10:33:42 ERROR com.demo.entity.Inventory:50 - Inside addItem method
2021-11-01 10:33:42 ERROR com.demo.entity.Inventory:50 - Inside addItem method
2021-11-01 10:33:42 ERROR com.demo.entity.Inventory:50 - Inside addItem method
2021-11-01 10:34:45 ERROR com.demo.entity.Inventory:50 - Inside addItem method
2021-11-01 10:34:46 ERROR com.demo.entity.Inventory:50 - Inside addItem method
2021-11-01 10:34:46 ERROR com.demo.entity.Inventory:50 - Inside addItem method
2021-11-01 10:34:46 ERROR com.demo.entity.Inventory:50 - Inside addItem method
2021-11-01 10:34:46 ERROR com.demo.entity.Inventory:50 - Inside addItem method
2021-11-01 10:34:47 ERROR com.demo.entity.Inventory:50 - Inside addItem method
2021-11-01 10:34:47 ERROR com.demo.entity.Inventory:50 - Inside addItem method
2021-11-01 10:34:47 ERROR com.demo.entity.Inventory:50 - Inside addItem method
2021-11-01 10:34:47 ERROR com.demo.entity.Inventory:50 - Inside addItem method
2021-11-01 10:34:47 ERROR com.demo.entity.Inventory:50 - Inside addItem method
2021-11-01 10:35:12 ERROR com.demo.entity.Inventory:50 - Inside addItem method
2021-11-01 10:35:13 ERROR com.demo.entity.Inventory:50 - Inside addItem method
2021-11-01 10:35:13 ERROR com.demo.entity.Inventory:50 - Inside addItem method
2021-11-01 10:36:16 ERROR com.demo.entity.Inventory:50 - Inside addItem method
2021-11-01 10:36:20 ERROR com.demo.entity.Inventory:50 - Inside addItem method
2021-11-01 10:36:20 ERROR com.demo.entity.Inventory:50 - Inside addItem method
2021-11-01 10:36:20 ERROR com.demo.entity.Inventory:50 - Inside addItem method
2021-11-01 10:36:20 ERROR com.demo.entity.Inventory:50 - Inside addItem method
2021-11-01 10:36:21 ERROR com.demo.entity.Inventory:50 - Inside addItem method
2021-11-01 10:36:21 ERROR com.demo.entity.Inventory:50 - Inside addItem method
2021-11-01 10:36:21 ERROR com.demo.entity.Inventory:50 - Inside addItem method
2021-11-01 10:36:21 ERROR com.demo.entity.Inventory:50 - Inside addItem method
2021-11-01 10:45:13 ERROR com.demo.entity.Inventory:50 - Inside addItem method
2021-11-01 10:45:14 ERROR com.demo.entity.Inventory:50 - Inside addItem method
2021-11-01 10:45:14 ERROR com.demo.entity.Inventory:50 - Inside addItem method
2021-11-01 10:45:14 ERROR com.demo.entity.Inventory:50 - Inside addItem method
2021-11-01 10:45:14 ERROR com.demo.entity.Inventory:50 - Inside addItem method
2021-11-01 10:45:14 ERROR com.demo.entity.Inventory:50 - Inside addItem method
2021-11-01 10:45:14 ERROR com.demo.entity.Inventory:50 - Inside addItem method
2021-11-01 10:45:15 ERROR com.demo.entity.Inventory:50 - Inside addItem method
2021-11-01 10:45:15 ERROR com.demo.entity.Inventory:50 - Inside addItem method
2021-11-01 10:46:20 ERROR com.demo.entity.Inventory:50 - Inside addItem method
2021-11-01 10:46:21 ERROR com.demo.entity.Inventory:50 - Inside addItem method
2021-11-01 10:46:21 ERROR com.demo.entity.Inventory:50 - Inside addItem method
2021-11-01 10:46:21 ERROR com.demo.entity.Inventory:50 - Inside addItem method
2021-11-01 10:46:22 ERROR com.demo.entity.Inventory:50 - Inside addItem method
2021-11-01 10:46:22 ERROR com.demo.entity.Inventory:50 - Inside addItem method
2021-11-01 10:46:22 ERROR com.demo.entity.Inventory:50 - Inside addItem method
2021-11-01 10:46:22 ERROR com.demo.entity.Inventory:50 - Inside addItem method
2021-11-01 10:47:40 ERROR com.demo.entity.Inventory:50 - Inside addItem method
2021-11-01 10:47:41 ERROR com.demo.entity.Inventory:50 - Inside addItem method
2021-11-01 10:47:41 ERROR com.demo.entity.Inventory:50 - Inside addItem method
2021-11-01 10:47:41 ERROR com.demo.entity.Inventory:50 - Inside addItem method
2021-11-01 10:47:41 ERROR com.demo.entity.Inventory:50 - Inside addItem method
2021-11-01 10:47:41 ERROR com.demo.entity.Inventory:50 - Inside addItem method
2021-11-01 10:47:41 ERROR com.demo.entity.Inventory:50 - Inside addItem method
2021-11-01 10:47:41 ERROR com.demo.entity.Inventory:50 - Inside addItem method
2021-11-01 10:48:30 ERROR com.demo.entity.Inventory:50 - Inside addItem method
2021-11-01 10:48:31 ERROR com.demo.entity.Inventory:50 - Inside addItem method
2021-11-01 10:48:31 ERROR com.demo.entity.Inventory:50 - Inside addItem method
2021-11-01 10:48:31 ERROR com.demo.entity.Inventory:50 - Inside addItem method
2021-11-01 10:48:31 ERROR com.demo.entity.Inventory:50 - Inside addItem method
2021-11-01 10:48:31 ERROR com.demo.entity.Inventory:50 - Inside addItem method
2021-11-01 10:48:31 ERROR com.demo.entity.Inventory:50 - Inside addItem method
2021-11-01 10:48:31 ERROR com.demo.entity.Inventory:50 - Inside addItem method
2021-11-01 10:49:31 ERROR com.demo.entity.Inventory:50 - Inside addItem method
2021-11-01 10:49:32 ERROR com.demo.entity.Inventory:50 - Inside addItem method
2021-11-01 10:49:32 ERROR com.demo.entity.Inventory:50 - Inside addItem method
2021-11-01 10:49:32 ERROR com.demo.entity.Inventory:50 - Inside addItem method
2021-11-01 10:49:32 ERROR com.demo.entity.Inventory:50 - Inside addItem method
2021-11-01 10:49:33 ERROR com.demo.entity.Inventory:50 - Inside addItem method
2021-11-01 10:49:33 ERROR com.demo.entity.Inventory:50 - Inside addItem method
2021-11-01 10:49:33 ERROR com.demo.entity.Inventory:50 - Inside addItem method
2021-11-01 10:49:33 ERROR com.demo.entity.Inventory:50 - Inside addItem method
2021-11-01 10:49:33 ERROR com.demo.entity.Inventory:50 - Inside addItem method
2021-11-01 10:49:34 ERROR com.demo.entity.Inventory:50 - Inside addItem method
2021-11-01 12:37:56 ERROR com.demo.entity.Inventory:50 - Inside addItem method
2021-11-01 12:37:59 ERROR com.demo.entity.Inventory:50 - Inside addItem method
2021-11-01 12:37:59 ERROR com.demo.entity.Inventory:50 - Inside addItem method
2021-11-01 12:38:00 ERROR com.demo.entity.Inventory:50 - Inside addItem method
2021-11-01 12:38:00 ERROR com.demo.entity.Inventory:50 - Inside addItem method
2021-11-01 12:38:00 ERROR com.demo.entity.Inventory:50 - Inside addItem method
2021-11-01 12:38:00 ERROR com.demo.entity.Inventory:50 - Inside addItem method
2021-11-01 12:38:00 ERROR com.demo.entity.Inventory:50 - Inside addItem method
2021-11-01 12:38:01 ERROR com.demo.entity.Inventory:50 - Inside addItem method
2021-11-01 12:38:07 ERROR com.demo.entity.Inventory:50 - Inside addItem method
2021-11-01 12:41:04 ERROR com.demo.entity.Inventory:50 - Inside addItem method
2021-11-01 12:41:07 ERROR com.demo.entity.Inventory:50 - Inside addItem method
2021-11-01 12:41:13 ERROR com.demo.entity.Inventory:50 - Inside addItem method
2021-11-01 12:42:11 ERROR com.demo.entity.Inventory:50 - Inside addItem method
2021-11-01 12:42:15 ERROR com.demo.entity.Inventory:50 - Inside addItem method
2021-11-01 12:42:16 ERROR com.demo.entity.Inventory:50 - Inside addItem method
2021-11-01 12:42:16 ERROR com.demo.entity.Inventory:50 - Inside addItem method
2021-11-01 12:42:16 ERROR com.demo.entity.Inventory:50 - Inside addItem method
2021-11-01 12:42:19 ERROR com.demo.entity.Inventory:50 - Inside addItem method
2021-11-01 12:42:26 ERROR com.demo.entity.Inventory:50 - Inside addItem method
2021-11-01 12:42:31 ERROR com.demo.entity.Inventory:50 - Inside addItem method
2021-11-01 12:42:35 ERROR com.demo.entity.Inventory:50 - Inside addItem method
2021-11-01 12:42:42 ERROR com.demo.entity.Inventory:50 - Inside addItem method
2021-11-01 12:42:58 ERROR com.demo.entity.Inventory:50 - Inside addItem method
2021-11-01 12:42:59 ERROR com.demo.entity.Inventory:50 - Inside addItem method
2021-11-01 12:42:59 ERROR com.demo.entity.Inventory:50 - Inside addItem method
2021-11-01 12:42:59 ERROR com.demo.entity.Inventory:50 - Inside addItem method
2021-11-01 12:43:02 INFO com.demo.entity.Inventory:57 - Inside showItem method
2021-11-01 15:57:00 ERROR com.demo.entity.Inventory:51 - Inside addItem method
2021-11-01 15:57:01 ERROR com.demo.entity.Inventory:51 - Inside addItem method
2021-11-01 15:57:02 ERROR com.demo.entity.Inventory:51 - Inside addItem method
2021-11-01 15:57:02 ERROR com.demo.entity.Inventory:51 - Inside addItem method
2021-11-01 15:57:02 ERROR com.demo.entity.Inventory:51 - Inside addItem method
2021-11-01 15:57:02 ERROR com.demo.entity.Inventory:51 - Inside addItem method
2021-11-01 15:57:05 ERROR com.demo.entity.Inventory:51 - Inside addItem method
2021-11-01 15:57:14 ERROR com.demo.entity.Inventory:51 - Inside addItem method
2021-11-01 15:57:20 ERROR com.demo.entity.Inventory:51 - Inside addItem method
2021-11-01 15:57:24 ERROR com.demo.entity.Inventory:51 - Inside addItem method
2021-11-01 15:57:30 ERROR com.demo.entity.Inventory:51 - Inside addItem method
2021-11-01 15:57:38 ERROR com.demo.entity.Inventory:51 - Inside addItem method
2021-11-01 19:10:27 ERROR com.demo.entity.Inventory:51 - Inside addItem method
2021-11-01 19:10:30 ERROR com.demo.entity.Inventory:51 - Inside addItem method
2021-11-01 19:10:30 ERROR com.demo.entity.Inventory:51 - Inside addItem method
2021-11-01 19:10:31 ERROR com.demo.entity.Inventory:51 - Inside addItem method
2021-11-01 19:10:31 ERROR com.demo.entity.Inventory:51 - Inside addItem method
2021-11-01 19:10:31 ERROR com.demo.entity.Inventory:51 - Inside addItem method
2021-11-01 19:10:31 ERROR com.demo.entity.Inventory:51 - Inside addItem method
2021-11-01 19:10:35 ERROR com.demo.entity.Inventory:51 - Inside addItem method
2021-11-01 19:10:40 ERROR com.demo.entity.Inventory:51 - Inside addItem method
2021-11-01 19:10:44 ERROR com.demo.entity.Inventory:51 - Inside addItem method
2021-11-01 19:10:49 ERROR com.demo.entity.Inventory:51 - Inside addItem method
2021-11-16 17:18:56 ERROR com.demo.entity.Inventory:51 - Inside addItem method
2021-11-16 17:19:35 ERROR com.demo.entity.Inventory:51 - Inside addItem method
2021-11-16 17:19:50 ERROR com.demo.entity.Inventory:51 - Inside addItem method
2021-11-16 17:20:04 ERROR com.demo.entity.Inventory:51 - Inside addItem method
2021-11-16 17:20:13 ERROR com.demo.entity.Inventory:51 - Inside addItem method
2021-11-16 17:20:17 ERROR com.demo.entity.Inventory:51 - Inside addItem method
2021-11-16 17:20:18 ERROR com.demo.entity.Inventory:51 - Inside addItem method
2021-11-16 17:20:18 ERROR com.demo.entity.Inventory:51 - Inside addItem method
2021-11-16 17:20:18 ERROR com.demo.entity.Inventory:51 - Inside addItem method
2021-11-16 17:20:18 ERROR com.demo.entity.Inventory:51 - Inside addItem method
2021-11-17 20:12:08 ERROR com.demo.entity.Inventory:51 - Inside addItem method
2021-11-17 20:12:09 ERROR com.demo.entity.Inventory:51 - Inside addItem method
2021-11-17 20:12:10 ERROR com.demo.entity.Inventory:51 - Inside addItem method
2021-11-17 20:12:10 ERROR com.demo.entity.Inventory:51 - Inside addItem method
2021-11-17 20:12:10 ERROR com.demo.entity.Inventory:51 - Inside addItem method
2021-11-17 20:12:10 ERROR com.demo.entity.Inventory:51 - Inside addItem method
2021-11-17 22:19:07 ERROR com.demo.entity.Inventory:51 - Inside addItem method
2021-11-17 22:19:07 INFO com.demo.entity.Inventory:67 - Inside showItemById method
2021-12-04 12:58:03 ERROR com.demo.entity.Inventory:51 - Inside addItem method
2021-12-04 12:58:15 ERROR com.demo.entity.Inventory:51 - Inside addItem method
2021-12-04 12:59:25 ERROR com.demo.entity.Inventory:51 - Inside addItem method
2021-12-04 13:03:18 ERROR com.demo.entity.Inventory:51 - Inside addItem method
2021-12-04 13:04:44 ERROR com.demo.entity.Inventory:51 - Inside addItem method
2021-12-04 13:04:49 ERROR com.demo.entity.Inventory:51 - Inside addItem method
2021-12-04 13:04:49 ERROR com.demo.entity.Inventory:51 - Inside addItem method
2021-12-04 14:08:10 ERROR com.demo.entity.Inventory:51 - Inside addItem method
2021-12-04 14:08:14 ERROR com.demo.entity.Inventory:51 - Inside addItem method
2021-12-04 14:08:17 ERROR com.demo.entity.Inventory:51 - Inside addItem method
2021-12-04 14:08:20 ERROR com.demo.entity.Inventory:51 - Inside addItem method
